#
# A fatal error has been detected by the Java Runtime Environment:
#
#  SIGBUS (0x7) at pc=0xb6a4cc53, pid=7641, tid=2403928944
#
# JRE version: 6.0_17-b04
# Java VM: Java HotSpot(TM) Server VM (14.3-b01 mixed mode linux-x86 )
# Problematic frame:
# C  [libzip.so+0xbc53]
#
# If you would like to submit a bug report, please visit:
#   http://java.sun.com/webapps/bugreport/crash.jsp
# The crash happened outside the Java Virtual Machine in native code.
# See problematic frame for where to report the bug.
#

---------------  T H R E A D  ---------------

Current thread (0x8f35c000):  JavaThread "Thread-9" [_thread_in_native, id=7759, stack(0x8f440000,0x8f491000)]

siginfo:si_signo=SIGBUS: si_errno=0, si_code=2 (BUS_ADRERR), si_addr=0xb6a40014

Registers:
EAX=0x8ff21808, EBX=0xb6a517bc, ECX=0xb6a3f000, EDX=0x00008000
ESP=0x8f48de40, EBP=0x8f48de68, ESI=0xb6a3fff7, EDI=0x8f367950
EIP=0xb6a4cc53, CR2=0xb6a40014, EFLAGS=0x00010282

Top of Stack: (sp=0x8f48de40)
0x8f48de40:   00000030 080eba68 080eba70 080ebe5c
0x8f48de50:   8ff218c8 b6a517bc b6a4cc0b b6a517bc
0x8f48de60:   8ff21a5c 00000000 8f48de98 b6a4d00b
0x8f48de70:   8ff21808 8ff21a5c 00000000 8f48de88
0x8f48de80:   8f48deb4 b3a19f27 33d738a5 b6a517bc
0x8f48de90:   8f48dee0 8f35c110 8f48e308 b6a441f9
0x8f48dea0:   8ff21808 8f48dee0 00000028 00000028
0x8f48deb0:   8f48dee0 8f48dee8 b3a19f27 b0ead7c0 

Instructions: (pc=0xb6a4cc53)
0xb6a4cc43:   8b 70 04 8b 45 08 8b 48 10 8b 50 1c 01 ce 29 d6
0xb6a4cc53:   0f b6 46 1d 0f b6 56 1c c1 e0 08 09 c2 89 55 f0 

Stack: [0x8f440000,0x8f491000],  sp=0x8f48de40,  free space=311k
Native frames: (J=compiled Java code, j=interpreted, Vv=VM code, C=native code)
C  [libzip.so+0xbc53]
C  [libzip.so+0xc00b]  ZIP_GetEntry+0x10b
C  [libzip.so+0x31f9]  Java_java_util_zip_ZipFile_getEntry+0xc9
j  java.util.zip.ZipFile.getEntry(JLjava/lang/String;Z)J+0
j  java.util.zip.ZipFile.getEntry(Ljava/lang/String;)Ljava/util/zip/ZipEntry;+31
j  java.util.jar.JarFile.getEntry(Ljava/lang/String;)Ljava/util/zip/ZipEntry;+2
j  java.util.jar.JarFile.getJarEntry(Ljava/lang/String;)Ljava/util/jar/JarEntry;+2
j  sun.misc.URLClassPath$JarLoader.getResource(Ljava/lang/String;Z)Lsun/misc/Resource;+48
j  sun.misc.URLClassPath.getResource(Ljava/lang/String;Z)Lsun/misc/Resource;+53
j  java.net.URLClassLoader$1.run()Ljava/lang/Object;+26
v  ~StubRoutines::call_stub
V  [libjvm.so+0x36ca20]
V  [libjvm.so+0x530828]
V  [libjvm.so+0x36c87f]
V  [libjvm.so+0x3cd6c6]
C  [libjava.so+0xaa5c]  Java_java_security_AccessController_doPrivileged__Ljava_security_PrivilegedExceptionAction_2Ljava_security_AccessControlContext_2+0x3c
j  java.security.AccessController.doPrivileged(Ljava/security/PrivilegedExceptionAction;Ljava/security/AccessControlContext;)Ljava/lang/Object;+0
j  java.net.URLClassLoader.findClass(Ljava/lang/String;)Ljava/lang/Class;+13
j  java.lang.ClassLoader.loadClass(Ljava/lang/String;Z)Ljava/lang/Class;+43
j  sun.misc.Launcher$AppClassLoader.loadClass(Ljava/lang/String;Z)Ljava/lang/Class;+41
j  java.lang.ClassLoader.loadClass(Ljava/lang/String;Z)Ljava/lang/Class;+23
j  java.lang.ClassLoader.loadClass(Ljava/lang/String;)Ljava/lang/Class;+3
j  java.lang.ClassLoader.loadClassInternal(Ljava/lang/String;)Ljava/lang/Class;+2
v  ~StubRoutines::call_stub
V  [libjvm.so+0x36ca20]
V  [libjvm.so+0x530828]
V  [libjvm.so+0x36c492]
V  [libjvm.so+0x36c597]
V  [libjvm.so+0x5e4e81]
V  [libjvm.so+0x5e3135]
V  [libjvm.so+0x5e2066]
V  [libjvm.so+0x5e241c]
V  [libjvm.so+0x228705]
V  [libjvm.so+0x2316db]
V  [libjvm.so+0x5e4299]
V  [libjvm.so+0x3e8fe1]
V  [libjvm.so+0x3cb644]
C  [libjava.so+0xb641]  Java_java_lang_ClassLoader_defineClass1+0x1e1
j  java.lang.ClassLoader.defineClass1(Ljava/lang/String;[BIILjava/security/ProtectionDomain;Ljava/lang/String;)Ljava/lang/Class;+0
j  java.lang.ClassLoader.defineClass(Ljava/lang/String;[BIILjava/security/ProtectionDomain;)Ljava/lang/Class;+30
j  java.security.SecureClassLoader.defineClass(Ljava/lang/String;[BIILjava/security/CodeSource;)Ljava/lang/Class;+27
j  java.net.URLClassLoader.defineClass(Ljava/lang/String;Lsun/misc/Resource;)Ljava/lang/Class;+253
j  java.net.URLClassLoader.access$000(Ljava/net/URLClassLoader;Ljava/lang/String;Lsun/misc/Resource;)Ljava/lang/Class;+3
j  java.net.URLClassLoader$1.run()Ljava/lang/Object;+43
v  ~StubRoutines::call_stub
V  [libjvm.so+0x36ca20]
V  [libjvm.so+0x530828]
V  [libjvm.so+0x36c87f]
V  [libjvm.so+0x3cd6c6]
C  [libjava.so+0xaa5c]  Java_java_security_AccessController_doPrivileged__Ljava_security_PrivilegedExceptionAction_2Ljava_security_AccessControlContext_2+0x3c
j  java.security.AccessController.doPrivileged(Ljava/security/PrivilegedExceptionAction;Ljava/security/AccessControlContext;)Ljava/lang/Object;+0
j  java.net.URLClassLoader.findClass(Ljava/lang/String;)Ljava/lang/Class;+13
j  java.lang.ClassLoader.loadClass(Ljava/lang/String;Z)Ljava/lang/Class;+43
j  java.lang.ClassLoader.loadClass(Ljava/lang/String;)Ljava/lang/Class;+3
j  com.klose.common.RunJar.executeOperationJar([Ljava/lang/String;)V+297
j  com.klose.Slave.SlaveExecutor.run()V+432
v  ~StubRoutines::call_stub
V  [libjvm.so+0x36ca20]
V  [libjvm.so+0x530828]
V  [libjvm.so+0x36c227]
V  [libjvm.so+0x36c2da]
V  [libjvm.so+0x3e95f5]
V  [libjvm.so+0x61097e]
V  [libjvm.so+0x531cce]
C  [libpthread.so.0+0x667f]

Java frames: (J=compiled Java code, j=interpreted, Vv=VM code)
j  java.util.zip.ZipFile.getEntry(JLjava/lang/String;Z)J+0
j  java.util.zip.ZipFile.getEntry(Ljava/lang/String;)Ljava/util/zip/ZipEntry;+31
j  java.util.jar.JarFile.getEntry(Ljava/lang/String;)Ljava/util/zip/ZipEntry;+2
j  java.util.jar.JarFile.getJarEntry(Ljava/lang/String;)Ljava/util/jar/JarEntry;+2
j  sun.misc.URLClassPath$JarLoader.getResource(Ljava/lang/String;Z)Lsun/misc/Resource;+48
j  sun.misc.URLClassPath.getResource(Ljava/lang/String;Z)Lsun/misc/Resource;+53
j  java.net.URLClassLoader$1.run()Ljava/lang/Object;+26
v  ~StubRoutines::call_stub
j  java.security.AccessController.doPrivileged(Ljava/security/PrivilegedExceptionAction;Ljava/security/AccessControlContext;)Ljava/lang/Object;+0
j  java.net.URLClassLoader.findClass(Ljava/lang/String;)Ljava/lang/Class;+13
j  java.lang.ClassLoader.loadClass(Ljava/lang/String;Z)Ljava/lang/Class;+43
j  sun.misc.Launcher$AppClassLoader.loadClass(Ljava/lang/String;Z)Ljava/lang/Class;+41
j  java.lang.ClassLoader.loadClass(Ljava/lang/String;Z)Ljava/lang/Class;+23
j  java.lang.ClassLoader.loadClass(Ljava/lang/String;)Ljava/lang/Class;+3
j  java.lang.ClassLoader.loadClassInternal(Ljava/lang/String;)Ljava/lang/Class;+2
v  ~StubRoutines::call_stub
j  java.lang.ClassLoader.defineClass1(Ljava/lang/String;[BIILjava/security/ProtectionDomain;Ljava/lang/String;)Ljava/lang/Class;+0
j  java.lang.ClassLoader.defineClass(Ljava/lang/String;[BIILjava/security/ProtectionDomain;)Ljava/lang/Class;+30
j  java.security.SecureClassLoader.defineClass(Ljava/lang/String;[BIILjava/security/CodeSource;)Ljava/lang/Class;+27
j  java.net.URLClassLoader.defineClass(Ljava/lang/String;Lsun/misc/Resource;)Ljava/lang/Class;+253
j  java.net.URLClassLoader.access$000(Ljava/net/URLClassLoader;Ljava/lang/String;Lsun/misc/Resource;)Ljava/lang/Class;+3
j  java.net.URLClassLoader$1.run()Ljava/lang/Object;+43
v  ~StubRoutines::call_stub
j  java.security.AccessController.doPrivileged(Ljava/security/PrivilegedExceptionAction;Ljava/security/AccessControlContext;)Ljava/lang/Object;+0
j  java.net.URLClassLoader.findClass(Ljava/lang/String;)Ljava/lang/Class;+13
j  java.lang.ClassLoader.loadClass(Ljava/lang/String;Z)Ljava/lang/Class;+43
j  java.lang.ClassLoader.loadClass(Ljava/lang/String;)Ljava/lang/Class;+3
j  com.klose.common.RunJar.executeOperationJar([Ljava/lang/String;)V+297
j  com.klose.Slave.SlaveExecutor.run()V+432
v  ~StubRoutines::call_stub

---------------  P R O C E S S  ---------------

Java Threads: ( => current thread )
  0x08100400 JavaThread "pool-1-thread-3" [_thread_in_Java, id=7767, stack(0x8f25e000,0x8f2af000)]
  0x08622c00 JavaThread "Thread-11" [_thread_in_Java, id=7766, stack(0x8f20d000,0x8f25e000)]
  0x083b0800 JavaThread "pool-1-thread-2" [_thread_blocked, id=7760, stack(0x8f2af000,0x8f300000)]
=>0x8f35c000 JavaThread "Thread-9" [_thread_in_native, id=7759, stack(0x8f440000,0x8f491000)]
  0x8f54a000 JavaThread "IPC Client (47) connection to /10.5.0.55:26666 from jiangbing" daemon [_thread_blocked, id=7757, stack(0x8f4a7000,0x8f4f8000)]
  0x080f9400 JavaThread "pool-1-thread-1" [_thread_blocked, id=7756, stack(0x8f60e000,0x8f65f000)]
  0x8ffc2400 JavaThread "DestroyJavaVM" [_thread_blocked, id=7642, stack(0xb6a91000,0xb6ae2000)]
  0x8ffc0800 JavaThread "Thread-6" [_thread_in_native, id=7659, stack(0x8f690000,0x8f6e1000)]
  0x8ff08000 JavaThread "Thread-4" [_thread_blocked, id=7657, stack(0x8f6e1000,0x8f732000)]
  0x8ffbf000 JavaThread "Thread-3" [_thread_blocked, id=7656, stack(0x8f732000,0x8f783000)]
  0x8ffbec00 JavaThread "Thread-2" [_thread_in_native, id=7655, stack(0x8f783000,0x8f7d4000)]
  0x8ff15800 JavaThread "Low Memory Detector" daemon [_thread_blocked, id=7651, stack(0x8f870000,0x8f8c1000)]
  0x8ff13400 JavaThread "CompilerThread1" daemon [_thread_in_native, id=7650, stack(0x8f8c1000,0x8f942000)]
  0x8ff11800 JavaThread "CompilerThread0" daemon [_thread_in_native, id=7649, stack(0x8f942000,0x8f9c3000)]
  0x8ff10000 JavaThread "Signal Dispatcher" daemon [_thread_blocked, id=7648, stack(0x8f9c3000,0x8fa14000)]
  0x8ff00800 JavaThread "Finalizer" daemon [_thread_blocked, id=7647, stack(0x8fc14000,0x8fc65000)]
  0x080da000 JavaThread "Reference Handler" daemon [_thread_blocked, id=7646, stack(0x8fc65000,0x8fcb6000)]

Other Threads:
  0x080d6000 VMThread [stack: 0x8fcb6000,0x8fd37000] [id=7645]
  0x8ff17400 WatcherThread [stack: 0x8f7ef000,0x8f870000] [id=7652]

VM state:not at safepoint (normal execution)

VM Mutex/Monitor currently owned by a thread: None

Heap
 PSYoungGen      total 13312K, used 7283K [0xb0190000, 0xb0f90000, 0xb3950000)
  eden space 12288K, 53% used [0xb0190000,0xb07f8c08,0xb0d90000)
  from space 1024K, 70% used [0xb0e90000,0xb0f44090,0xb0f90000)
  to   space 1024K, 0% used [0xb0d90000,0xb0d90000,0xb0e90000)
 PSOldGen        total 28608K, used 648K [0x94350000, 0x95f40000, 0xb0190000)
  object space 28608K, 2% used [0x94350000,0x943f2010,0x95f40000)
 PSPermGen       total 16384K, used 9139K [0x90350000, 0x91350000, 0x94350000)
  object space 16384K, 55% used [0x90350000,0x90c3cde0,0x91350000)

Dynamic libraries:
08048000-08052000 r-xp 00000000 08:01 1187843    /opt/sun-jdk-1.6.0.17/bin/java
08052000-08053000 rwxp 00009000 08:01 1187843    /opt/sun-jdk-1.6.0.17/bin/java
08053000-087c9000 rwxp 00000000 00:00 0          [heap]
8f100000-8f182000 rwxp 00000000 00:00 0 
8f182000-8f200000 ---p 00000000 00:00 0 
8f20d000-8f210000 ---p 00000000 00:00 0 
8f210000-8f25e000 rwxp 00000000 00:00 0 
8f25e000-8f261000 ---p 00000000 00:00 0 
8f261000-8f2af000 rwxp 00000000 00:00 0 
8f2af000-8f2b2000 ---p 00000000 00:00 0 
8f2b2000-8f300000 rwxp 00000000 00:00 0 
8f300000-8f3dc000 rwxp 00000000 00:00 0 
8f3dc000-8f400000 ---p 00000000 00:00 0 
8f440000-8f443000 ---p 00000000 00:00 0 
8f443000-8f491000 rwxp 00000000 00:00 0 
8f491000-8f4a0000 r-xs 00676000 08:01 1188009    /opt/sun-jdk-1.6.0.17/jre/lib/charsets.jar
8f4a0000-8f4a7000 r-xs 00111000 08:01 1187988    /opt/sun-jdk-1.6.0.17/jre/lib/resources.jar
8f4a7000-8f4aa000 ---p 00000000 00:00 0 
8f4aa000-8f4f8000 rwxp 00000000 00:00 0 
8f4f8000-8f4ff000 r-xp 00000000 08:01 1187945    /opt/sun-jdk-1.6.0.17/jre/lib/i386/libnio.so
8f4ff000-8f500000 rwxp 00006000 08:01 1187945    /opt/sun-jdk-1.6.0.17/jre/lib/i386/libnio.so
8f500000-8f5fb000 rwxp 00000000 00:00 0 
8f5fb000-8f600000 ---p 00000000 00:00 0 
8f600000-8f604000 r-xs 00035000 08:01 1187916    /opt/sun-jdk-1.6.0.17/jre/lib/ext/sunpkcs11.jar
8f604000-8f607000 r-xs 00013000 08:01 1187975    /opt/sun-jdk-1.6.0.17/jre/lib/jce.jar
8f607000-8f60d000 r-xp 00000000 08:01 1187946    /opt/sun-jdk-1.6.0.17/jre/lib/i386/libmanagement.so
8f60d000-8f60e000 rwxp 00005000 08:01 1187946    /opt/sun-jdk-1.6.0.17/jre/lib/i386/libmanagement.so
8f60e000-8f611000 ---p 00000000 00:00 0 
8f611000-8f65f000 rwxp 00000000 00:00 0 
8f65f000-8f688000 r-xp 00000000 08:05 1788319    /home/jiangbing/eclipse_java/java_workspace/Master-Slave/bin/lib/libsigar-x86-linux.so
8f688000-8f68e000 rwxp 00028000 08:05 1788319    /home/jiangbing/eclipse_java/java_workspace/Master-Slave/bin/lib/libsigar-x86-linux.so
8f68e000-8f690000 rwxp 00000000 00:00 0 
8f690000-8f693000 ---p 00000000 00:00 0 
8f693000-8f6e1000 rwxp 00000000 00:00 0 
8f6e1000-8f6e4000 ---p 00000000 00:00 0 
8f6e4000-8f732000 rwxp 00000000 00:00 0 
8f732000-8f735000 ---p 00000000 00:00 0 
8f735000-8f783000 rwxp 00000000 00:00 0 
8f783000-8f786000 ---p 00000000 00:00 0 
8f786000-8f7d4000 rwxp 00000000 00:00 0 
8f7d4000-8f7db000 r-xs 00091000 08:01 1187974    /opt/sun-jdk-1.6.0.17/jre/lib/jsse.jar
8f7db000-8f7ee000 r-xp 00000000 08:01 1187944    /opt/sun-jdk-1.6.0.17/jre/lib/i386/libnet.so
8f7ee000-8f7ef000 rwxp 00013000 08:01 1187944    /opt/sun-jdk-1.6.0.17/jre/lib/i386/libnet.so
8f7ef000-8f7f0000 ---p 00000000 00:00 0 
8f7f0000-8f870000 rwxp 00000000 00:00 0 
8f870000-8f873000 ---p 00000000 00:00 0 
8f873000-8f8c1000 rwxp 00000000 00:00 0 
8f8c1000-8f8c4000 ---p 00000000 00:00 0 
8f8c4000-8f942000 rwxp 00000000 00:00 0 
8f942000-8f945000 ---p 00000000 00:00 0 
8f945000-8f9c3000 rwxp 00000000 00:00 0 
8f9c3000-8f9c6000 ---p 00000000 00:00 0 
8f9c6000-8fa14000 rwxp 00000000 00:00 0 
8fa14000-8fc14000 r-xp 00000000 08:01 1674154    /usr/lib/locale/locale-archive
8fc14000-8fc17000 ---p 00000000 00:00 0 
8fc17000-8fc65000 rwxp 00000000 00:00 0 
8fc65000-8fc68000 ---p 00000000 00:00 0 
8fc68000-8fcb6000 rwxp 00000000 00:00 0 
8fcb6000-8fcb7000 ---p 00000000 00:00 0 
8fcb7000-8fd6a000 rwxp 00000000 00:00 0 
8fd6a000-8ff00000 r-xs 02fb6000 08:01 1188011    /opt/sun-jdk-1.6.0.17/jre/lib/rt.jar
8ff00000-8fffb000 rwxp 00000000 00:00 0 
8fffb000-90000000 ---p 00000000 00:00 0 
90001000-90002000 r-xp 00000000 08:01 1187964    /opt/sun-jdk-1.6.0.17/jre/lib/i386/libjaas_unix.so
90002000-90003000 rwxp 00000000 08:01 1187964    /opt/sun-jdk-1.6.0.17/jre/lib/i386/libjaas_unix.so
90003000-90006000 r-xs 000cb000 08:01 1187919    /opt/sun-jdk-1.6.0.17/jre/lib/ext/localedata.jar
90006000-9000c000 r-xs 0004e000 08:05 1788323    /home/jiangbing/eclipse_java/java_workspace/Master-Slave/bin/lib/dom4j-2.0.0-ALPHA-2.jar
9000c000-90011000 r-xs 00026000 08:05 1788320    /home/jiangbing/eclipse_java/java_workspace/Master-Slave/bin/lib/httpcore-4.0.1.jar
90011000-90012000 r-xs 0000a000 08:05 1788324    /home/jiangbing/eclipse_java/java_workspace/Master-Slave/bin/lib/commons-logging-api-1.1.jar
90012000-9001e000 r-xs 000d9000 08:05 1788321    /home/jiangbing/eclipse_java/java_workspace/Master-Slave/bin/lib/hadoop-hdfs-0.21.0.jar
9001e000-90032000 r-xs 00127000 08:05 1788322    /home/jiangbing/eclipse_java/java_workspace/Master-Slave/bin/lib/hadoop-common-0.21.0.jar
90032000-90033000 ---p 00000000 00:00 0 
90033000-900b3000 rwxp 00000000 00:00 0 
900b3000-900b4000 ---p 00000000 00:00 0 
900b4000-9013c000 rwxp 00000000 00:00 0 
9013c000-90154000 rwxp 00000000 00:00 0 
90154000-90162000 rwxp 00000000 00:00 0 
90162000-90234000 rwxp 00000000 00:00 0 
90234000-9023c000 rwxp 00000000 00:00 0 
9023c000-90254000 rwxp 00000000 00:00 0 
90254000-90262000 rwxp 00000000 00:00 0 
90262000-90333000 rwxp 00000000 00:00 0 
90333000-9033b000 rwxp 00000000 00:00 0 
9033b000-9034f000 rwxp 00000000 00:00 0 
9034f000-91350000 rwxp 00000000 00:00 0 
91350000-94350000 rwxp 00000000 00:00 0 
94350000-95f40000 rwxp 00000000 00:00 0 
95f40000-b0190000 rwxp 00000000 00:00 0 
b0190000-b0f90000 rwxp 00000000 00:00 0 
b0f90000-b3950000 rwxp 00000000 00:00 0 
b3950000-b3957000 r-xs 00061000 08:05 1788316    /home/jiangbing/eclipse_java/java_workspace/Master-Slave/bin/lib/sigar.jar
b3957000-b3960000 rwxp 00000000 00:00 0 
b3960000-b3a17000 rwxp 00000000 00:00 0 
b3a17000-b3c57000 rwxp 00000000 00:00 0 
b3c57000-b6a17000 rwxp 00000000 00:00 0 
b6a17000-b6a21000 r-xp 00000000 08:01 1762583    /lib/libnss_files-2.11.2.so
b6a21000-b6a22000 r-xp 00009000 08:01 1762583    /lib/libnss_files-2.11.2.so
b6a22000-b6a23000 rwxp 0000a000 08:01 1762583    /lib/libnss_files-2.11.2.so
b6a23000-b6a2c000 r-xp 00000000 08:01 1761521    /lib/libnss_nis-2.11.2.so
b6a2c000-b6a2d000 r-xp 00008000 08:01 1761521    /lib/libnss_nis-2.11.2.so
b6a2d000-b6a2e000 rwxp 00009000 08:01 1761521    /lib/libnss_nis-2.11.2.so
b6a2e000-b6a35000 r-xp 00000000 08:01 1762597    /lib/libnss_compat-2.11.2.so
b6a35000-b6a36000 r-xp 00006000 08:01 1762597    /lib/libnss_compat-2.11.2.so
b6a36000-b6a37000 rwxp 00007000 08:01 1762597    /lib/libnss_compat-2.11.2.so
b6a38000-b6a3a000 r-xs 0000c000 08:05 1788317    /home/jiangbing/eclipse_java/java_workspace/Master-Slave/bin/lib/protobuf_socketrpc-1.3.2_DIY.jar
b6a3a000-b6a3f000 r-xs 0004c000 08:05 1788318    /home/jiangbing/eclipse_java/java_workspace/Master-Slave/bin/lib/protobuf-java-2.3.0.jar
b6a3f000-b6a41000 r-xs 00008000 08:05 1788315    /home/jiangbing/eclipse_java/java_workspace/Master-Slave/bin/lib/transCompiler.jar
b6a41000-b6a50000 r-xp 00000000 08:01 1187940    /opt/sun-jdk-1.6.0.17/jre/lib/i386/libzip.so
b6a50000-b6a52000 rwxp 0000e000 08:01 1187940    /opt/sun-jdk-1.6.0.17/jre/lib/i386/libzip.so
b6a52000-b6a5a000 rwxs 00000000 00:10 78712      /tmp/hsperfdata_jiangbing/7641
b6a5a000-b6a60000 r-xp 00000000 08:01 1187922    /opt/sun-jdk-1.6.0.17/jre/lib/i386/native_threads/libhpi.so
b6a60000-b6a61000 rwxp 00006000 08:01 1187922    /opt/sun-jdk-1.6.0.17/jre/lib/i386/native_threads/libhpi.so
b6a61000-b6a62000 rwxp 00000000 00:00 0 
b6a62000-b6a63000 r-xp 00000000 00:00 0 
b6a63000-b6a86000 r-xp 00000000 08:01 1187938    /opt/sun-jdk-1.6.0.17/jre/lib/i386/libjava.so
b6a86000-b6a88000 rwxp 00023000 08:01 1187938    /opt/sun-jdk-1.6.0.17/jre/lib/i386/libjava.so
b6a88000-b6a8f000 r-xp 00000000 08:01 1761515    /lib/librt-2.11.2.so
b6a8f000-b6a90000 r-xp 00006000 08:01 1761515    /lib/librt-2.11.2.so
b6a90000-b6a91000 rwxp 00007000 08:01 1761515    /lib/librt-2.11.2.so
b6a91000-b6a94000 ---p 00000000 00:00 0 
b6a94000-b6ae2000 rwxp 00000000 00:00 0 
b6ae2000-b6b06000 r-xp 00000000 08:01 1761321    /lib/libm-2.11.2.so
b6b06000-b6b07000 r-xp 00023000 08:01 1761321    /lib/libm-2.11.2.so
b6b07000-b6b08000 rwxp 00024000 08:01 1761321    /lib/libm-2.11.2.so
b6b08000-b71d5000 r-xp 00000000 08:01 1187924    /opt/sun-jdk-1.6.0.17/jre/lib/i386/server/libjvm.so
b71d5000-b7223000 rwxp 006cc000 08:01 1187924    /opt/sun-jdk-1.6.0.17/jre/lib/i386/server/libjvm.so
b7223000-b7646000 rwxp 00000000 00:00 0 
b7646000-b7789000 r-xp 00000000 08:01 1761318    /lib/libc-2.11.2.so
b7789000-b778a000 ---p 00143000 08:01 1761318    /lib/libc-2.11.2.so
b778a000-b778c000 r-xp 00143000 08:01 1761318    /lib/libc-2.11.2.so
b778c000-b778d000 rwxp 00145000 08:01 1761318    /lib/libc-2.11.2.so
b778d000-b7791000 rwxp 00000000 00:00 0 
b7791000-b7793000 r-xp 00000000 08:01 1761381    /lib/libdl-2.11.2.so
b7793000-b7794000 r-xp 00001000 08:01 1761381    /lib/libdl-2.11.2.so
b7794000-b7795000 rwxp 00002000 08:01 1761381    /lib/libdl-2.11.2.so
b7795000-b779c000 r-xp 00000000 08:01 1196034    /opt/sun-jdk-1.6.0.17/jre/lib/i386/jli/libjli.so
b779c000-b779e000 rwxp 00006000 08:01 1196034    /opt/sun-jdk-1.6.0.17/jre/lib/i386/jli/libjli.so
b779e000-b77b3000 r-xp 00000000 08:01 1761596    /lib/libpthread-2.11.2.so
b77b3000-b77b4000 r-xp 00014000 08:01 1761596    /lib/libpthread-2.11.2.so
b77b4000-b77b5000 rwxp 00015000 08:01 1761596    /lib/libpthread-2.11.2.so
b77b5000-b77b7000 rwxp 00000000 00:00 0 
b77b7000-b77ca000 r-xp 00000000 08:01 1762596    /lib/libnsl-2.11.2.so
b77ca000-b77cb000 r-xp 00012000 08:01 1762596    /lib/libnsl-2.11.2.so
b77cb000-b77cc000 rwxp 00013000 08:01 1762596    /lib/libnsl-2.11.2.so
b77cc000-b77ce000 rwxp 00000000 00:00 0 
b77ce000-b77d9000 r-xp 00000000 08:01 1187937    /opt/sun-jdk-1.6.0.17/jre/lib/i386/libverify.so
b77d9000-b77da000 rwxp 0000b000 08:01 1187937    /opt/sun-jdk-1.6.0.17/jre/lib/i386/libverify.so
b77da000-b77db000 rwxp 00000000 00:00 0 
b77db000-b77dc000 r-xp 00000000 00:00 0          [vdso]
b77dc000-b77f9000 r-xp 00000000 08:01 1761315    /lib/ld-2.11.2.so
b77f9000-b77fa000 r-xp 0001c000 08:01 1761315    /lib/ld-2.11.2.so
b77fa000-b77fb000 rwxp 0001d000 08:01 1761315    /lib/ld-2.11.2.so
bfdfb000-bfe1d000 rwxp 00000000 00:00 0          [stack]

VM Arguments:
jvm_args: -Djava.library.path=/home/jiangbing/eclipse_java/java_workspace/Master-Slave/bin/lib 
java_command: com.klose.Slave.Slave --url=JLoop://0@10.5.0.55:6060
Launcher Type: SUN_STANDARD

Environment Variables:
JAVA_HOME=/opt/sun-jdk-1.6.0.17
CLASSPATH=:/opt/sun-jdk-1.6.0.17/jre/lib/:/opt/sun-jdk-1.6.0.17/jre/lib/
PATH=/home/jiangbing/shareLib/apache-maven-3.0/bin:/opt/sun-jdk-1.6.0.17/bin:/home/jiangbing/shareLib/apache-ant-1.8.1/bin:/usr/local/bin:/usr/bin:/bin:/opt/bin:/usr/i686-pc-linux-gnu/gcc-bin/4.4.3:/usr/games/bin
LD_LIBRARY_PATH=/opt/sun-jdk-1.6.0.17/jre/lib/i386/server:/opt/sun-jdk-1.6.0.17/jre/lib/i386:/opt/sun-jdk-1.6.0.17/jre/../lib/i386
SHELL=/bin/bash
DISPLAY=:0.0

Signal Handlers:
SIGSEGV: [libjvm.so+0x650710], sa_mask[0]=0x7ffbfeff, sa_flags=0x10000004
SIGBUS: [libjvm.so+0x650710], sa_mask[0]=0x7ffbfeff, sa_flags=0x10000004
SIGFPE: [libjvm.so+0x52f600], sa_mask[0]=0x7ffbfeff, sa_flags=0x10000004
SIGPIPE: [libjvm.so+0x52f600], sa_mask[0]=0x7ffbfeff, sa_flags=0x10000004
SIGXFSZ: [libjvm.so+0x52f600], sa_mask[0]=0x7ffbfeff, sa_flags=0x10000004
SIGILL: [libjvm.so+0x52f600], sa_mask[0]=0x7ffbfeff, sa_flags=0x10000004
SIGUSR1: SIG_DFL, sa_mask[0]=0x00000000, sa_flags=0x00000000
SIGUSR2: [libjvm.so+0x5321f0], sa_mask[0]=0x00000000, sa_flags=0x10000004
SIGHUP: [libjvm.so+0x531f20], sa_mask[0]=0x7ffbfeff, sa_flags=0x10000004
SIGINT: [libjvm.so+0x531f20], sa_mask[0]=0x7ffbfeff, sa_flags=0x10000004
SIGTERM: [libjvm.so+0x531f20], sa_mask[0]=0x7ffbfeff, sa_flags=0x10000004
SIGQUIT: [libjvm.so+0x531f20], sa_mask[0]=0x7ffbfeff, sa_flags=0x10000004


---------------  S Y S T E M  ---------------

OS:Gentoo Base System release 1.12.13

uname:Linux 2.6.35-gentoo-r4_cgroup #2 SMP PREEMPT Thu Oct 14 11:59:50 CST 2010 i686
libc:glibc 2.11.2 NPTL 2.11.2 
rlimit: STACK 8192k, CORE 0k, NPROC 16037, NOFILE 1024, AS infinity
load average:0.28 0.32 0.34

CPU:total 2 (2 cores per cpu, 1 threads per core) family 6 model 15 stepping 13, cmov, cx8, fxsr, mmx, sse, sse2, sse3, ssse3

Memory: 4k page, physical 2053188k(565980k free), swap 1911696k(1911696k free)

vm_info: Java HotSpot(TM) Server VM (14.3-b01) for linux-x86 JRE (1.6.0_17-b04), built on Oct 11 2009 01:01:36 by "java_re" with gcc 3.2.1-7a (J2SE release)

time: Wed Apr  6 11:09:47 2011
elapsed time: 179 seconds

