/home/jiangbing/eclipse_java/java_workspace/Master-Slave
Master started at JLoop://0@10.5.0.55:6060
Jul 1, 2011 10:44:25 AM com.klose.Master.JobStateTrigger run
INFO: JobStateTrigger starts running...
Jul 1, 2011 10:44:25 AM com.klose.Master.JobStateWatcher run
INFO: JobStateWatcher starts running...
Jul 1, 2011 10:44:25 AM com.googlecode.protobuf.socketrpc.RpcServer$ServerThread run
INFO: Starting RPC server
Jul 1, 2011 10:44:25 AM com.googlecode.protobuf.socketrpc.SocketServerRpcConnectionFactory initServerSocket
INFO: Listening for requests on port: 6060
Jul 1, 2011 10:44:25 AM com.googlecode.protobuf.socketrpc.RpcServer$ServerThread stopServer
INFO: Shutting down RPC server
java.net.BindException: Address already in use
	at java.net.PlainSocketImpl.socketBind(Native Method)
	at java.net.PlainSocketImpl.bind(PlainSocketImpl.java:365)
	at java.net.ServerSocket.bind(ServerSocket.java:319)
	at java.net.ServerSocket.<init>(ServerSocket.java:185)
	at javax.net.DefaultServerSocketFactory.createServerSocket(ServerSocketFactory.java:170)
	at com.googlecode.protobuf.socketrpc.SocketServerRpcConnectionFactory.initServerSocket(SocketServerRpcConnectionFactory.java:97)
	at com.googlecode.protobuf.socketrpc.SocketServerRpcConnectionFactory.createConnection(SocketServerRpcConnectionFactory.java:87)
	at com.googlecode.protobuf.socketrpc.RpcServer$ServerThread.run(RpcServer.java:158)
	at com.googlecode.protobuf.socketrpc.RpcServer.run(RpcServer.java:105)
	at com.klose.Master.MasterRpcServerThread.run(Unknown Source)
/home/jiangbing/eclipse_java/java_workspace/Master-Slave/bin/run.sh: line 5:  6497 Killed                  java -cp $CLASSPATH:$parent_path/lib/transCompiler.jar:$parent_path/lib/protobuf-java-2.3.0.jar:$parent_path/lib/protobuf_socketrpc-1.3.2_DIY.jar:$parent_path/lib/sigar.jar:$parent_path/lib/libsigar-x86-linux.so:$parent_path/lib/libsigar-amd64-linux.so:$parent_path/lib/libsigar-x86-winnt.lib:$parent_path/lib/libsigar-x86-winnt.dll:$parent_path/lib/hadoop-common-0.21.0.jar:$parent_path/lib/hadoop-hdfs-0.21.0.jar:$parent_path/lib/commons-logging-api-1.1.jar:$parent_path/lib/httpcore-4.0.1.jar:$parent_path/lib/dom4j-2.0.0-ALPHA-2.jar:${HADOOP_HOME}/conf/:$parent_path/classes -Djava.library.path=$parent_path/lib $@
